This file contains any messages produced by compilers while
running configure, to aid debugging if configure makes a mistake.

It was created by configure, which was
generated by GNU Autoconf 2.69.  Invocation command line was

  $ ./configure 

## --------- ##
## Platform. ##
## --------- ##

hostname = amigacity.xyz
uname -m = x86_64
uname -r = 4.15.13-x86_64-linode106
uname -s = Linux
uname -v = #1 SMP Tue Mar 27 14:42:14 UTC 2018

/usr/bin/uname -p = unknown
/bin/uname -X     = unknown

/bin/arch              = unknown
/usr/bin/arch -k       = unknown
/usr/convex/getsysinfo = unknown
/usr/bin/hostinfo      = unknown
/bin/machine           = unknown
/usr/bin/oslevel       = unknown
/bin/universe          = unknown

PATH: /sbbs/exec
PATH: /root/bin
PATH: /root/bbs_utils
PATH: /root/SyncBackup
PATH: /root/SynchronetManagementConsole
PATH: /usr/local/sbin
PATH: /usr/local/bin
PATH: /usr/sbin
PATH: /usr/bin
PATH: /sbin
PATH: /bin
PATH: /usr/games
PATH: /usr/local/games
PATH: /snap/bin


## ----------- ##
## Core tests. ##
## ----------- ##

configure:2230: checking for gcc
configure:2246: found /usr/bin/gcc
configure:2257: result: gcc
configure:2486: checking for C compiler version
configure:2495: gcc --version >&5
gcc (Ubuntu 5.4.0-6ubuntu1~16.04.9) 5.4.0 20160609
Copyright (C) 2015 Free Software Foundation, Inc.
This is free software; see the source for copying conditions.  There is NO
warranty; not even for MERCHANTABILITY or FITNESS FOR A PARTICULAR PURPOSE.

configure:2506: $? = 0
configure:2495: gcc -v >&5
Using built-in specs.
COLLECT_GCC=gcc
COLLECT_LTO_WRAPPER=/usr/lib/gcc/x86_64-linux-gnu/5/lto-wrapper
Target: x86_64-linux-gnu
Configured with: ../src/configure -v --with-pkgversion='Ubuntu 5.4.0-6ubuntu1~16.04.9' --with-bugurl=file:///usr/share/doc/gcc-5/README.Bugs --enable-languages=c,ada,c++,java,go,d,fortran,objc,obj-c++ --prefix=/usr --program-suffix=-5 --enable-shared --enable-linker-build-id --libexecdir=/usr/lib --without-included-gettext --enable-threads=posix --libdir=/usr/lib --enable-nls --with-sysroot=/ --enable-clocale=gnu --enable-libstdcxx-debug --enable-libstdcxx-time=yes --with-default-libstdcxx-abi=new --enable-gnu-unique-object --disable-vtable-verify --enable-libmpx --enable-plugin --with-system-zlib --disable-browser-plugin --enable-java-awt=gtk --enable-gtk-cairo --with-java-home=/usr/lib/jvm/java-1.5.0-gcj-5-amd64/jre --enable-java-home --with-jvm-root-dir=/usr/lib/jvm/java-1.5.0-gcj-5-amd64 --with-jvm-jar-dir=/usr/lib/jvm-exports/java-1.5.0-gcj-5-amd64 --with-arch-directory=amd64 --with-ecj-jar=/usr/share/java/eclipse-ecj.jar --enable-objc-gc --enable-multiarch --disable-werror --with-arch-32=i686 --with-abi=m64 --with-multilib-list=m32,m64,mx32 --enable-multilib --with-tune=generic --enable-checking=release --build=x86_64-linux-gnu --host=x86_64-linux-gnu --target=x86_64-linux-gnu
Thread model: posix
gcc version 5.4.0 20160609 (Ubuntu 5.4.0-6ubuntu1~16.04.9) 
configure:2506: $? = 0
configure:2495: gcc -V >&5
gcc: error: unrecognized command line option '-V'
gcc: fatal error: no input files
compilation terminated.
configure:2506: $? = 1
configure:2495: gcc -qversion >&5
gcc: error: unrecognized command line option '-qversion'
gcc: fatal error: no input files
compilation terminated.
configure:2506: $? = 1
configure:2526: checking whether the C compiler works
configure:2548: gcc    conftest.c  >&5
configure:2552: $? = 0
configure:2600: result: yes
configure:2603: checking for C compiler default output file name
configure:2605: result: a.out
configure:2611: checking for suffix of executables
configure:2618: gcc -o conftest    conftest.c  >&5
configure:2622: $? = 0
configure:2644: result: 
configure:2666: checking whether we are cross compiling
configure:2674: gcc -o conftest    conftest.c  >&5
configure:2678: $? = 0
configure:2685: ./conftest
configure:2689: $? = 0
configure:2704: result: no
configure:2709: checking for suffix of object files
configure:2731: gcc -c   conftest.c >&5
configure:2735: $? = 0
configure:2756: result: o
configure:2760: checking whether we are using the GNU C compiler
configure:2779: gcc -c   conftest.c >&5
configure:2779: $? = 0
configure:2788: result: yes
configure:2797: checking whether gcc accepts -g
configure:2817: gcc -c -g  conftest.c >&5
configure:2817: $? = 0
configure:2858: result: yes
configure:2875: checking for gcc option to accept ISO C89
configure:2938: gcc  -c -g -O2  conftest.c >&5
configure:2938: $? = 0
configure:2951: result: none needed
configure:3001: checking how to run the C preprocessor
configure:3032: gcc -E  conftest.c
configure:3032: $? = 0
configure:3046: gcc -E  conftest.c
conftest.c:9:28: fatal error: ac_nonexistent.h: No such file or directory
compilation terminated.
configure:3046: $? = 1
configure: failed program was:
| /* confdefs.h */
| #define PACKAGE_NAME ""
| #define PACKAGE_TARNAME ""
| #define PACKAGE_VERSION ""
| #define PACKAGE_STRING ""
| #define PACKAGE_BUGREPORT ""
| #define PACKAGE_URL ""
| /* end confdefs.h.  */
| #include <ac_nonexistent.h>
configure:3071: result: gcc -E
configure:3091: gcc -E  conftest.c
configure:3091: $? = 0
configure:3105: gcc -E  conftest.c
conftest.c:9:28: fatal error: ac_nonexistent.h: No such file or directory
compilation terminated.
configure:3105: $? = 1
configure: failed program was:
| /* confdefs.h */
| #define PACKAGE_NAME ""
| #define PACKAGE_TARNAME ""
| #define PACKAGE_VERSION ""
| #define PACKAGE_STRING ""
| #define PACKAGE_BUGREPORT ""
| #define PACKAGE_URL ""
| /* end confdefs.h.  */
| #include <ac_nonexistent.h>
configure:3134: checking for X
configure:3242: gcc -E  conftest.c
configure:3242: $? = 0
configure:3273: gcc -o conftest -g -O2   conftest.c -lX11  >&5
configure:3273: $? = 0
configure:3323: result: libraries , headers 
configure:3422: gcc -o conftest -g -O2   conftest.c   -lX11 >&5
configure:3422: $? = 0
configure:3520: checking for gethostbyname
configure:3520: gcc -o conftest -g -O2   conftest.c  >&5
configure:3520: $? = 0
configure:3520: result: yes
configure:3617: checking for connect
configure:3617: gcc -o conftest -g -O2   conftest.c  >&5
configure:3617: $? = 0
configure:3617: result: yes
configure:3666: checking for remove
configure:3666: gcc -o conftest -g -O2   conftest.c  >&5
configure:3666: $? = 0
configure:3666: result: yes
configure:3715: checking for shmat
configure:3715: gcc -o conftest -g -O2   conftest.c  >&5
configure:3715: $? = 0
configure:3715: result: yes
configure:3773: checking for IceConnectionNumber in -lICE
configure:3798: gcc -o conftest -g -O2   conftest.c -lICE   >&5
configure:3798: $? = 0
configure:3807: result: yes
configure:4021: checking for grep that handles long lines and -e
configure:4079: result: /bin/grep
configure:4084: checking for egrep
configure:4146: result: /bin/grep -E
configure:4151: checking for ANSI C header files
configure:4171: gcc -c -g -O2  -DXWINGRAPHX  conftest.c >&5
configure:4171: $? = 0
configure:4244: gcc -o conftest -g -O2  -DXWINGRAPHX    conftest.c   -lSM -lICE -lX11  >&5
configure:4244: $? = 0
configure:4244: ./conftest
configure:4244: $? = 0
configure:4255: result: yes
configure:4268: checking for sys/types.h
configure:4268: gcc -c -g -O2  -DXWINGRAPHX  conftest.c >&5
configure:4268: $? = 0
configure:4268: result: yes
configure:4268: checking for sys/stat.h
configure:4268: gcc -c -g -O2  -DXWINGRAPHX  conftest.c >&5
configure:4268: $? = 0
configure:4268: result: yes
configure:4268: checking for stdlib.h
configure:4268: gcc -c -g -O2  -DXWINGRAPHX  conftest.c >&5
configure:4268: $? = 0
configure:4268: result: yes
configure:4268: checking for string.h
configure:4268: gcc -c -g -O2  -DXWINGRAPHX  conftest.c >&5
configure:4268: $? = 0
configure:4268: result: yes
configure:4268: checking for memory.h
configure:4268: gcc -c -g -O2  -DXWINGRAPHX  conftest.c >&5
configure:4268: $? = 0
configure:4268: result: yes
configure:4268: checking for strings.h
configure:4268: gcc -c -g -O2  -DXWINGRAPHX  conftest.c >&5
configure:4268: $? = 0
configure:4268: result: yes
configure:4268: checking for inttypes.h
configure:4268: gcc -c -g -O2  -DXWINGRAPHX  conftest.c >&5
configure:4268: $? = 0
configure:4268: result: yes
configure:4268: checking for stdint.h
configure:4268: gcc -c -g -O2  -DXWINGRAPHX  conftest.c >&5
configure:4268: $? = 0
configure:4268: result: yes
configure:4268: checking for unistd.h
configure:4268: gcc -c -g -O2  -DXWINGRAPHX  conftest.c >&5
configure:4268: $? = 0
configure:4268: result: yes
configure:4283: checking fcntl.h usability
configure:4283: gcc -c -g -O2  -DXWINGRAPHX  conftest.c >&5
configure:4283: $? = 0
configure:4283: result: yes
configure:4283: checking fcntl.h presence
configure:4283: gcc -E  conftest.c
configure:4283: $? = 0
configure:4283: result: yes
configure:4283: checking for fcntl.h
configure:4283: result: yes
configure:4283: checking limits.h usability
configure:4283: gcc -c -g -O2  -DXWINGRAPHX  conftest.c >&5
configure:4283: $? = 0
configure:4283: result: yes
configure:4283: checking limits.h presence
configure:4283: gcc -E  conftest.c
configure:4283: $? = 0
configure:4283: result: yes
configure:4283: checking for limits.h
configure:4283: result: yes
configure:4283: checking malloc.h usability
configure:4283: gcc -c -g -O2  -DXWINGRAPHX  conftest.c >&5
configure:4283: $? = 0
configure:4283: result: yes
configure:4283: checking malloc.h presence
configure:4283: gcc -E  conftest.c
configure:4283: $? = 0
configure:4283: result: yes
configure:4283: checking for malloc.h
configure:4283: result: yes
configure:4283: checking sys/time.h usability
configure:4283: gcc -c -g -O2  -DXWINGRAPHX  conftest.c >&5
configure:4283: $? = 0
configure:4283: result: yes
configure:4283: checking sys/time.h presence
configure:4283: gcc -E  conftest.c
configure:4283: $? = 0
configure:4283: result: yes
configure:4283: checking for sys/time.h
configure:4283: result: yes
configure:4283: checking for unistd.h
configure:4283: result: yes
configure:4294: checking for size_t
configure:4294: gcc -c -g -O2  -DXWINGRAPHX  conftest.c >&5
configure:4294: $? = 0
configure:4294: gcc -c -g -O2  -DXWINGRAPHX  conftest.c >&5
conftest.c: In function 'main':
conftest.c:60:21: error: expected expression before ')' token
 if (sizeof ((size_t)))
                     ^
configure:4294: $? = 1
configure: failed program was:
| /* confdefs.h */
| #define PACKAGE_NAME ""
| #define PACKAGE_TARNAME ""
| #define PACKAGE_VERSION ""
| #define PACKAGE_STRING ""
| #define PACKAGE_BUGREPORT ""
| #define PACKAGE_URL ""
| #define STDC_HEADERS 1
| #define HAVE_SYS_TYPES_H 1
| #define HAVE_SYS_STAT_H 1
| #define HAVE_STDLIB_H 1
| #define HAVE_STRING_H 1
| #define HAVE_MEMORY_H 1
| #define HAVE_STRINGS_H 1
| #define HAVE_INTTYPES_H 1
| #define HAVE_STDINT_H 1
| #define HAVE_UNISTD_H 1
| #define HAVE_FCNTL_H 1
| #define HAVE_LIMITS_H 1
| #define HAVE_MALLOC_H 1
| #define HAVE_SYS_TIME_H 1
| #define HAVE_UNISTD_H 1
| /* end confdefs.h.  */
| #include <stdio.h>
| #ifdef HAVE_SYS_TYPES_H
| # include <sys/types.h>
| #endif
| #ifdef HAVE_SYS_STAT_H
| # include <sys/stat.h>
| #endif
| #ifdef STDC_HEADERS
| # include <stdlib.h>
| # include <stddef.h>
| #else
| # ifdef HAVE_STDLIB_H
| #  include <stdlib.h>
| # endif
| #endif
| #ifdef HAVE_STRING_H
| # if !defined STDC_HEADERS && defined HAVE_MEMORY_H
| #  include <memory.h>
| # endif
| # include <string.h>
| #endif
| #ifdef HAVE_STRINGS_H
| # include <strings.h>
| #endif
| #ifdef HAVE_INTTYPES_H
| # include <inttypes.h>
| #endif
| #ifdef HAVE_STDINT_H
| # include <stdint.h>
| #endif
| #ifdef HAVE_UNISTD_H
| # include <unistd.h>
| #endif
| int
| main ()
| {
| if (sizeof ((size_t)))
| 	    return 0;
|   ;
|   return 0;
| }
configure:4294: result: yes
configure:4305: checking whether time.h and sys/time.h may both be included
configure:4325: gcc -c -g -O2  -DXWINGRAPHX  conftest.c >&5
configure:4325: $? = 0
configure:4332: result: yes
configure:4341: checking return type of signal handlers
configure:4359: gcc -c -g -O2  -DXWINGRAPHX  conftest.c >&5
conftest.c: In function 'main':
conftest.c:31:9: error: void value not ignored as it ought to be
 return *(signal (0, 0)) (0) == 1;
         ^
configure:4359: $? = 1
configure: failed program was:
| /* confdefs.h */
| #define PACKAGE_NAME ""
| #define PACKAGE_TARNAME ""
| #define PACKAGE_VERSION ""
| #define PACKAGE_STRING ""
| #define PACKAGE_BUGREPORT ""
| #define PACKAGE_URL ""
| #define STDC_HEADERS 1
| #define HAVE_SYS_TYPES_H 1
| #define HAVE_SYS_STAT_H 1
| #define HAVE_STDLIB_H 1
| #define HAVE_STRING_H 1
| #define HAVE_MEMORY_H 1
| #define HAVE_STRINGS_H 1
| #define HAVE_INTTYPES_H 1
| #define HAVE_STDINT_H 1
| #define HAVE_UNISTD_H 1
| #define HAVE_FCNTL_H 1
| #define HAVE_LIMITS_H 1
| #define HAVE_MALLOC_H 1
| #define HAVE_SYS_TIME_H 1
| #define HAVE_UNISTD_H 1
| #define TIME_WITH_SYS_TIME 1
| /* end confdefs.h.  */
| #include <sys/types.h>
| #include <signal.h>
| 
| int
| main ()
| {
| return *(signal (0, 0)) (0) == 1;
|   ;
|   return 0;
| }
configure:4366: result: void
configure:4377: checking for select
configure:4377: gcc -o conftest -g -O2  -DXWINGRAPHX    conftest.c   -lSM -lICE -lX11  >&5
configure:4377: $? = 0
configure:4377: result: yes
configure:4377: checking for strerror
configure:4377: gcc -o conftest -g -O2  -DXWINGRAPHX    conftest.c   -lSM -lICE -lX11  >&5
configure:4377: $? = 0
configure:4377: result: yes
configure:4377: checking for strstr
configure:4377: gcc -o conftest -g -O2  -DXWINGRAPHX    conftest.c   -lSM -lICE -lX11  >&5
conftest.c:51:6: warning: conflicting types for built-in function 'strstr'
 char strstr ();
      ^
configure:4377: $? = 0
configure:4377: result: yes
configure:4377: checking for strtol
configure:4377: gcc -o conftest -g -O2  -DXWINGRAPHX    conftest.c   -lSM -lICE -lX11  >&5
configure:4377: $? = 0
configure:4377: result: yes
configure:4583: creating ./config.status

## ---------------------- ##
## Running config.status. ##
## ---------------------- ##

This file was extended by config.status, which was
generated by GNU Autoconf 2.69.  Invocation command line was

  CONFIG_FILES    = 
  CONFIG_HEADERS  = 
  CONFIG_LINKS    = 
  CONFIG_COMMANDS = 
  $ ./config.status 

on amigacity.xyz

config.status:716: error: cannot find input file: `Makefile.in'

## ---------------- ##
## Cache variables. ##
## ---------------- ##

ac_cv_c_compiler_gnu=yes
ac_cv_env_CC_set=
ac_cv_env_CC_value=
ac_cv_env_CFLAGS_set=
ac_cv_env_CFLAGS_value=
ac_cv_env_CPPFLAGS_set=
ac_cv_env_CPPFLAGS_value=
ac_cv_env_CPP_set=
ac_cv_env_CPP_value=
ac_cv_env_LDFLAGS_set=
ac_cv_env_LDFLAGS_value=
ac_cv_env_LIBS_set=
ac_cv_env_LIBS_value=
ac_cv_env_XMKMF_set=
ac_cv_env_XMKMF_value=
ac_cv_env_build_alias_set=
ac_cv_env_build_alias_value=
ac_cv_env_host_alias_set=
ac_cv_env_host_alias_value=
ac_cv_env_target_alias_set=
ac_cv_env_target_alias_value=
ac_cv_func_connect=yes
ac_cv_func_gethostbyname=yes
ac_cv_func_remove=yes
ac_cv_func_select=yes
ac_cv_func_shmat=yes
ac_cv_func_strerror=yes
ac_cv_func_strstr=yes
ac_cv_func_strtol=yes
ac_cv_have_x='have_x=yes	ac_x_includes='\'''\''	ac_x_libraries='\'''\'''
ac_cv_header_fcntl_h=yes
ac_cv_header_inttypes_h=yes
ac_cv_header_limits_h=yes
ac_cv_header_malloc_h=yes
ac_cv_header_memory_h=yes
ac_cv_header_stdc=yes
ac_cv_header_stdint_h=yes
ac_cv_header_stdlib_h=yes
ac_cv_header_string_h=yes
ac_cv_header_strings_h=yes
ac_cv_header_sys_stat_h=yes
ac_cv_header_sys_time_h=yes
ac_cv_header_sys_types_h=yes
ac_cv_header_time=yes
ac_cv_header_unistd_h=yes
ac_cv_lib_ICE_IceConnectionNumber=yes
ac_cv_objext=o
ac_cv_path_EGREP='/bin/grep -E'
ac_cv_path_GREP=/bin/grep
ac_cv_prog_CPP='gcc -E'
ac_cv_prog_ac_ct_CC=gcc
ac_cv_prog_cc_c89=
ac_cv_prog_cc_g=yes
ac_cv_type_signal=void
ac_cv_type_size_t=yes

## ----------------- ##
## Output variables. ##
## ----------------- ##

CC='gcc'
CFLAGS='-g -O2  -DXWINGRAPHX -DEXT94 -DPERMUTATE'
CPP='gcc -E'
CPPFLAGS=''
DEFS='-DPACKAGE_NAME=\"\" -DPACKAGE_TARNAME=\"\" -DPACKAGE_VERSION=\"\" -DPACKAGE_STRING=\"\" -DPACKAGE_BUGREPORT=\"\" -DPACKAGE_URL=\"\" -DSTDC_HEADERS=1 -DHAVE_SYS_TYPES_H=1 -DHAVE_SYS_STAT_H=1 -DHAVE_STDLIB_H=1 -DHAVE_STRING_H=1 -DHAVE_MEMORY_H=1 -DHAVE_STRINGS_H=1 -DHAVE_INTTYPES_H=1 -DHAVE_STDINT_H=1 -DHAVE_UNISTD_H=1 -DHAVE_FCNTL_H=1 -DHAVE_LIMITS_H=1 -DHAVE_MALLOC_H=1 -DHAVE_SYS_TIME_H=1 -DHAVE_UNISTD_H=1 -DTIME_WITH_SYS_TIME=1 -DRETSIGTYPE=void -DHAVE_SELECT=1 -DHAVE_STRERROR=1 -DHAVE_STRSTR=1 -DHAVE_STRTOL=1'
ECHO_C=''
ECHO_N='-n'
ECHO_T=''
EGREP='/bin/grep -E'
EXEEXT=''
GREP='/bin/grep'
LDFLAGS=' '
LIBOBJS=''
LIBS='  -lSM -lICE -lX11 '
LTLIBOBJS=''
OBJEXT='o'
PACKAGE_BUGREPORT=''
PACKAGE_NAME=''
PACKAGE_STRING=''
PACKAGE_TARNAME=''
PACKAGE_URL=''
PACKAGE_VERSION=''
PATH_SEPARATOR=':'
SHELL='/bin/bash'
XMKMF=''
X_CFLAGS=''
X_EXTRA_LIBS=''
X_LIBS=''
X_PRE_LIBS=' -lSM -lICE'
ac_ct_CC='gcc'
bindir='${exec_prefix}/bin'
build_alias=''
datadir='${datarootdir}'
datarootdir='${prefix}/share'
docdir='${datarootdir}/doc/${PACKAGE}'
dvidir='${docdir}'
exec_prefix='${prefix}'
host_alias=''
htmldir='${docdir}'
includedir='${prefix}/include'
infodir='${datarootdir}/info'
libdir='${exec_prefix}/lib'
libexecdir='${exec_prefix}/libexec'
localedir='${datarootdir}/locale'
localstatedir='${prefix}/var'
mandir='${datarootdir}/man'
oldincludedir='/usr/include'
pdfdir='${docdir}'
prefix='/usr/local'
program_transform_name='s,x,x,'
psdir='${docdir}'
runstatedir='${localstatedir}/run'
sbindir='${exec_prefix}/sbin'
sharedstatedir='${prefix}/com'
sysconfdir='${prefix}/etc'
target_alias=''

## ----------- ##
## confdefs.h. ##
## ----------- ##

/* confdefs.h */
#define PACKAGE_NAME ""
#define PACKAGE_TARNAME ""
#define PACKAGE_VERSION ""
#define PACKAGE_STRING ""
#define PACKAGE_BUGREPORT ""
#define PACKAGE_URL ""
#define STDC_HEADERS 1
#define HAVE_SYS_TYPES_H 1
#define HAVE_SYS_STAT_H 1
#define HAVE_STDLIB_H 1
#define HAVE_STRING_H 1
#define HAVE_MEMORY_H 1
#define HAVE_STRINGS_H 1
#define HAVE_INTTYPES_H 1
#define HAVE_STDINT_H 1
#define HAVE_UNISTD_H 1
#define HAVE_FCNTL_H 1
#define HAVE_LIMITS_H 1
#define HAVE_MALLOC_H 1
#define HAVE_SYS_TIME_H 1
#define HAVE_UNISTD_H 1
#define TIME_WITH_SYS_TIME 1
#define RETSIGTYPE void
#define HAVE_SELECT 1
#define HAVE_STRERROR 1
#define HAVE_STRSTR 1
#define HAVE_STRTOL 1

configure: exit 1
